Determining if the pthread_create exist failed with the following output:
Change Dir: /home/tborusiak/repos/udacity/Self_Driving_Capstone/ros/build/CMakeFiles/CMakeTmp

Run Build Command:"/usr/bin/make" "cmTC_a8566/fast"
/usr/bin/make -f CMakeFiles/cmTC_a8566.dir/build.make CMakeFiles/cmTC_a8566.dir/build
make[1]: Entering directory '/home/tborusiak/repos/udacity/Self_Driving_Capstone/ros/build/CMakeFiles/CMakeTmp'
Building C object CMakeFiles/cmTC_a8566.dir/CheckSymbolExists.c.o
/usr/bin/cc    -o CMakeFiles/cmTC_a8566.dir/CheckSymbolExists.c.o   -c /home/tborusiak/repos/udacity/Self_Driving_Capstone/ros/build/CMakeFiles/CMakeTmp/CheckSymbolExists.c
Linking C executable cmTC_a8566
/home/tborusiak/repos/work/dw/sdk/3rdparty/tools/linux/cmake-3.12.2-Linux-x86_64/bin/cmake -E cmake_link_script CMakeFiles/cmTC_a8566.dir/link.txt --verbose=1
/usr/bin/cc      -rdynamic CMakeFiles/cmTC_a8566.dir/CheckSymbolExists.c.o  -o cmTC_a8566 
CMakeFiles/cmTC_a8566.dir/CheckSymbolExists.c.o: In function `main':
CheckSymbolExists.c:(.text+0x16): undefined reference to `pthread_create'
collect2: error: ld returned 1 exit status
CMakeFiles/cmTC_a8566.dir/build.make:86: recipe for target 'cmTC_a8566' failed
make[1]: *** [cmTC_a8566] Error 1
make[1]: Leaving directory '/home/tborusiak/repos/udacity/Self_Driving_Capstone/ros/build/CMakeFiles/CMakeTmp'
Makefile:121: recipe for target 'cmTC_a8566/fast' failed
make: *** [cmTC_a8566/fast] Error 2

File /home/tborusiak/repos/udacity/Self_Driving_Capstone/ros/build/CMakeFiles/CMakeTmp/CheckSymbolExists.c:
/* */
#include <pthread.h>

int main(int argc, char** argv)
{
  (void)argv;
#ifndef pthread_create
  return ((int*)(&pthread_create))[argc];
#else
  (void)argc;
  return 0;
#endif
}

Determining if the function pthread_create exists in the pthreads failed with the following output:
Change Dir: /home/tborusiak/repos/udacity/Self_Driving_Capstone/ros/build/CMakeFiles/CMakeTmp

Run Build Command:"/usr/bin/make" "cmTC_8f435/fast"
/usr/bin/make -f CMakeFiles/cmTC_8f435.dir/build.make CMakeFiles/cmTC_8f435.dir/build
make[1]: Entering directory '/home/tborusiak/repos/udacity/Self_Driving_Capstone/ros/build/CMakeFiles/CMakeTmp'
Building C object CMakeFiles/cmTC_8f435.dir/CheckFunctionExists.c.o
/usr/bin/cc   -DCHECK_FUNCTION_EXISTS=pthread_create   -o CMakeFiles/cmTC_8f435.dir/CheckFunctionExists.c.o   -c /home/tborusiak/repos/work/dw/sdk/3rdparty/tools/linux/cmake-3.12.2-Linux-x86_64/share/cmake-3.12/Modules/CheckFunctionExists.c
Linking C executable cmTC_8f435
/home/tborusiak/repos/work/dw/sdk/3rdparty/tools/linux/cmake-3.12.2-Linux-x86_64/bin/cmake -E cmake_link_script CMakeFiles/cmTC_8f435.dir/link.txt --verbose=1
/usr/bin/cc  -DCHECK_FUNCTION_EXISTS=pthread_create    -rdynamic CMakeFiles/cmTC_8f435.dir/CheckFunctionExists.c.o  -o cmTC_8f435 -lpthreads 
/usr/bin/ld: cannot find -lpthreads
collect2: error: ld returned 1 exit status
CMakeFiles/cmTC_8f435.dir/build.make:86: recipe for target 'cmTC_8f435' failed
make[1]: *** [cmTC_8f435] Error 1
make[1]: Leaving directory '/home/tborusiak/repos/udacity/Self_Driving_Capstone/ros/build/CMakeFiles/CMakeTmp'
Makefile:121: recipe for target 'cmTC_8f435/fast' failed
make: *** [cmTC_8f435/fast] Error 2


